<?xml version="1.0" encoding="UTF-8"?>
<testsuite name="org.aludratest.service.gui.integrationtest.selenium2.Selenium2ElementTest" time="379.142" tests="51" errors="0" skipped="0" failures="0">
  <properties>
[...]
</properties>
  <testcase name="visibleOnNotExistingElement" classname="org.aludratest.service.gui.integrationtest.selenium2.Selenium2ElementTest" time="8.112"/>
  <testcase name="visibleOnExistingElement" classname="org.aludratest.service.gui.integrationtest.selenium2.Selenium2ElementTest" time="6.725"/>
  <testcase name="visibleOnExistingElementWithTimeout" classname="org.aludratest.service.gui.integrationtest.selenium2.Selenium2ElementTest" time="6.906"/>
  <testcase name="notPresentOnExistingElementWithTimeout" classname="org.aludratest.service.gui.integrationtest.selenium2.Selenium2ElementTest" time="7.161"/>
  <testcase name="visibleOnHiddenElement" classname="org.aludratest.service.gui.integrationtest.selenium2.Selenium2ElementTest" time="8.504"/>
  <testcase name="clickOnNotEditableElementImageButton" classname="org.aludratest.service.gui.integrationtest.selenium2.Selenium2ElementTest" time="7.468"/>
  <testcase name="hasFocusOnFocusedElement" classname="org.aludratest.service.gui.integrationtest.selenium2.Selenium2ElementTest" time="7.573"/>
  <testcase name="notPresentOnNotExistingElement" classname="org.aludratest.service.gui.integrationtest.selenium2.Selenium2ElementTest" time="6.682"/>
  <testcase name="focusOnEnabledElement" classname="org.aludratest.service.gui.integrationtest.selenium2.Selenium2ElementTest" time="7.259"/>
  <testcase name="assertPresentOnPresentElement" classname="org.aludratest.service.gui.integrationtest.selenium2.Selenium2ElementTest" time="6.113"/>
  <testcase name="clickOnNotEditableElementButton" classname="org.aludratest.service.gui.integrationtest.selenium2.Selenium2ElementTest" time="7.456"/>
  <testcase name="presentAndInForeground" classname="org.aludratest.service.gui.integrationtest.selenium2.Selenium2ElementTest" time="9.941"/>
  <testcase name="isPresentOnExistingElementWithTimeout" classname="org.aludratest.service.gui.integrationtest.selenium2.Selenium2ElementTest" time="5.844"/>
  <testcase name="isNotPresentOnNotExistingElement" classname="org.aludratest.service.gui.integrationtest.selenium2.Selenium2ElementTest" time="6.156"/>
  <testcase name="isPresentOnExistingElement" classname="org.aludratest.service.gui.integrationtest.selenium2.Selenium2ElementTest" time="6.462"/>
  <testcase name="isEnabledOnDisabledElement" classname="org.aludratest.service.gui.integrationtest.selenium2.Selenium2ElementTest" time="8.281"/>
  <testcase name="isPresentOnHiddenElementInDivWithTimeout" classname="org.aludratest.service.gui.integrationtest.selenium2.Selenium2ElementTest" time="5.896"/>
  <testcase name="isPresentOnHiddenElementInDiv" classname="org.aludratest.service.gui.integrationtest.selenium2.Selenium2ElementTest" time="6.243"/>
  <testcase name="isVisibleOnHiddenElementInDiv" classname="org.aludratest.service.gui.integrationtest.selenium2.Selenium2ElementTest" time="8.734"/>
  <testcase name="doubleClickOnNotEditableElementImage" classname="org.aludratest.service.gui.integrationtest.selenium2.Selenium2ElementTest" time="7.657"/>
  <testcase name="doubleClickOnNotEditableElementLabel" classname="org.aludratest.service.gui.integrationtest.selenium2.Selenium2ElementTest" time="7.766"/>
  <testcase name="isNotPresentOnPresentElement" classname="org.aludratest.service.gui.integrationtest.selenium2.Selenium2ElementTest" time="8.272"/>
  <testcase name="visibleOnHiddenElementInDiv" classname="org.aludratest.service.gui.integrationtest.selenium2.Selenium2ElementTest" time="8.98"/>
  <testcase name="notPresentOnHiddenElementWithTimeout" classname="org.aludratest.service.gui.integrationtest.selenium2.Selenium2ElementTest" time="7.206"/>
  <testcase name="isPresentOnNotExistingElementWithTimeout" classname="org.aludratest.service.gui.integrationtest.selenium2.Selenium2ElementTest" time="5.686"/>
  <testcase name="doubleClickOnEditableElementImageButton" classname="org.aludratest.service.gui.integrationtest.selenium2.Selenium2ElementTest" time="7.822"/>
  <testcase name="notPresentOnExistingElement" classname="org.aludratest.service.gui.integrationtest.selenium2.Selenium2ElementTest" time="8.112"/>
  <testcase name="isNotEnabledOnDisabledElement" classname="org.aludratest.service.gui.integrationtest.selenium2.Selenium2ElementTest" time="8.385"/>
  <testcase name="clickOnEditableElement" classname="org.aludratest.service.gui.integrationtest.selenium2.Selenium2ElementTest" time="7.55"/>
  <testcase name="isEnabledOnEnabledElement" classname="org.aludratest.service.gui.integrationtest.selenium2.Selenium2ElementTest" time="5.896"/>
  <testcase name="notPresentOnHiddenElementInDiv" classname="org.aludratest.service.gui.integrationtest.selenium2.Selenium2ElementTest" time="7.847"/>
  <testcase name="doubleClickOnEditableElementDropDownBox" classname="org.aludratest.service.gui.integrationtest.selenium2.Selenium2ElementTest" time="7.45"/>
  <testcase name="notPresentOnHiddenElementInDivWithTimeout" classname="org.aludratest.service.gui.integrationtest.selenium2.Selenium2ElementTest" time="7.371"/>
  <testcase name="isVisibleOnVisibleElement" classname="org.aludratest.service.gui.integrationtest.selenium2.Selenium2ElementTest" time="7.135"/>
  <testcase name="clickOnNotEditableElementImage" classname="org.aludratest.service.gui.integrationtest.selenium2.Selenium2ElementTest" time="7.68"/>
  <testcase name="visibleOnHiddenElementWithTimeoutt" classname="org.aludratest.service.gui.integrationtest.selenium2.Selenium2ElementTest" time="8.489"/>
  <testcase name="notPresentOnHiddenElement" classname="org.aludratest.service.gui.integrationtest.selenium2.Selenium2ElementTest" time="8.281"/>
  <testcase name="isPresentOnHiddenElement" classname="org.aludratest.service.gui.integrationtest.selenium2.Selenium2ElementTest" time="6.131"/>
  <testcase name="notPresentOnNotExistingElementWithTimeout" classname="org.aludratest.service.gui.integrationtest.selenium2.Selenium2ElementTest" time="6.772"/>
  <testcase name="visibleOnHiddenElementInDivWithTimeout" classname="org.aludratest.service.gui.integrationtest.selenium2.Selenium2ElementTest" time="8.064"/>
  <testcase name="isNotEnabledOnEnabledElement" classname="org.aludratest.service.gui.integrationtest.selenium2.Selenium2ElementTest" time="6.621"/>
  <testcase name="hasFocusOnNotFocusedElement" classname="org.aludratest.service.gui.integrationtest.selenium2.Selenium2ElementTest" time="7.36"/>
  <testcase name="assertPresentOnNotExistingElement" classname="org.aludratest.service.gui.integrationtest.selenium2.Selenium2ElementTest" time="8.533"/>
  <testcase name="clickOnElementLabel" classname="org.aludratest.service.gui.integrationtest.selenium2.Selenium2ElementTest" time="7.803"/>
  <testcase name="visibleOnNotExistingElementWithTimeout" classname="org.aludratest.service.gui.integrationtest.selenium2.Selenium2ElementTest" time="7.257"/>
  <testcase name="isPresentOnHiddenElementWithTimeout" classname="org.aludratest.service.gui.integrationtest.selenium2.Selenium2ElementTest" time="5.847"/>
  <testcase name="focusOnDisabledElement" classname="org.aludratest.service.gui.integrationtest.selenium2.Selenium2ElementTest" time="8.485"/>
  <testcase name="doubleClickOnNotEditableElementButton" classname="org.aludratest.service.gui.integrationtest.selenium2.Selenium2ElementTest" time="5.928"/>
  <testcase name="clickOnEditableElementRadioButton" classname="org.aludratest.service.gui.integrationtest.selenium2.Selenium2ElementTest" time="8.845"/>
  <testcase name="isVisibleOnHiddenElement" classname="org.aludratest.service.gui.integrationtest.selenium2.Selenium2ElementTest" time="8.093"/>
  <testcase name="isPresentOnNotExistingElement" classname="org.aludratest.service.gui.integrationtest.selenium2.Selenium2ElementTest" time="8.302"/>
</testsuite>