<?xml version="1.0" encoding="UTF-8"?>
<testsuite name="org.aludratest.service.gui.integrationtest.selenium2.Selenium2DropdownboxTest" time="190.628" tests="24" errors="0" skipped="1" failures="0">
  <properties>
[...]
</properties>
  <testcase name="notEqualsOnDropdownBox" classname="org.aludratest.service.gui.integrationtest.selenium2.Selenium2DropdownboxTest" time="6.527"/>
  <testcase name="notEqualsOnDropdownBoxNot" classname="org.aludratest.service.gui.integrationtest.selenium2.Selenium2DropdownboxTest" time="8.69"/>
  <testcase name="equalsLabels_singlearg" classname="org.aludratest.service.gui.integrationtest.selenium2.Selenium2DropdownboxTest" time="8.298"/>
  <testcase name="hasValues_singlearg" classname="org.aludratest.service.gui.integrationtest.selenium2.Selenium2DropdownboxTest" time="7.906"/>
  <testcase name="hasSelectedContainsOnDropdownBox" classname="org.aludratest.service.gui.integrationtest.selenium2.Selenium2DropdownboxTest" time="6.643"/>
  <testcase name="getSelectedEntryOnEnabledDropdownBox" classname="org.aludratest.service.gui.integrationtest.selenium2.Selenium2DropdownboxTest" time="6.391"/>
  <testcase name="selectEmptyEntryOnDropdownBox" classname="org.aludratest.service.gui.integrationtest.selenium2.Selenium2DropdownboxTest" time="8.261"/>
  <testcase name="containsLabels" classname="org.aludratest.service.gui.integrationtest.selenium2.Selenium2DropdownboxTest" time="8.995"/>
  <testcase name="hasSelectedIgnoreCaseTrimmed_existingLabels" classname="org.aludratest.service.gui.integrationtest.selenium2.Selenium2DropdownboxTest" time="8.783"/>
  <testcase name="containsLabelsCheck" classname="org.aludratest.service.gui.integrationtest.selenium2.Selenium2DropdownboxTest" time="8.469"/>
  <testcase name="selectEntryOnDisabledDropdownBox" classname="org.aludratest.service.gui.integrationtest.selenium2.Selenium2DropdownboxTest" time="9.341"/>
  <testcase name="hasSelectedIgnoreCaseTrimmed_nonexistingLabels" classname="org.aludratest.service.gui.integrationtest.selenium2.Selenium2DropdownboxTest" time="8.577"/>
  <testcase name="hasSelectedOnDropdownBoxNot" classname="org.aludratest.service.gui.integrationtest.selenium2.Selenium2DropdownboxTest" time="8.329"/>
  <testcase name="selectEntry_DropdownBox_enabled_byIndex" classname="org.aludratest.service.gui.integrationtest.selenium2.Selenium2DropdownboxTest" time="8.434"/>
  <testcase name="selectEntry_DropdownBox_enabled_byLabel" classname="org.aludratest.service.gui.integrationtest.selenium2.Selenium2DropdownboxTest" time="8.581"/>
  <testcase name="hasLabels_multiarg" classname="org.aludratest.service.gui.integrationtest.selenium2.Selenium2DropdownboxTest" time="9.441"/>
  <testcase name="selectEntryNotExistingOnEnabledDropdownBox" classname="org.aludratest.service.gui.integrationtest.selenium2.Selenium2DropdownboxTest" time="8.213"/>
  <testcase name="hasSelectedOnDropdownBox" classname="org.aludratest.service.gui.integrationtest.selenium2.Selenium2DropdownboxTest" time="6.559"/>
  <testcase name="hasLabels_singlearg" classname="org.aludratest.service.gui.integrationtest.selenium2.Selenium2DropdownboxTest" time="8.726"/>
  <testcase name="hasValues_multiarg" classname="org.aludratest.service.gui.integrationtest.selenium2.Selenium2DropdownboxTest" time="9.138"/>
  <testcase name="selectionMatches" classname="org.aludratest.service.gui.integrationtest.selenium2.Selenium2DropdownboxTest" time="8.912"/>
  <testcase name="equalsLabels_multiarg" classname="org.aludratest.service.gui.integrationtest.selenium2.Selenium2DropdownboxTest" time="8.784"/>
  <testcase name="selectEntryDisabledOnEnabledDropdownBox" classname="org.aludratest.service.gui.integrationtest.selenium2.Selenium2DropdownboxTest" time="0">
    <skipped message="Does not work with selenium1"/>
  </testcase>
  <testcase name="hasSelectedContainsOnDropdownBoxNot" classname="org.aludratest.service.gui.integrationtest.selenium2.Selenium2DropdownboxTest" time="8.63"/>
</testsuite>