<?xml version="1.0" encoding="UTF-8"?>
<testsuite name="org.aludratest.service.gui.integrationtest.selenium1.Selenium1ElementTest" time="291.027" tests="51" errors="0" skipped="0" failures="0">
  <properties>
[...]
</properties>
  <testcase name="visibleOnNotExistingElement" classname="org.aludratest.service.gui.integrationtest.selenium1.Selenium1ElementTest" time="7.147"/>
  <testcase name="visibleOnExistingElement" classname="org.aludratest.service.gui.integrationtest.selenium1.Selenium1ElementTest" time="4.198"/>
  <testcase name="visibleOnExistingElementWithTimeout" classname="org.aludratest.service.gui.integrationtest.selenium1.Selenium1ElementTest" time="4.651"/>
  <testcase name="notPresentOnExistingElementWithTimeout" classname="org.aludratest.service.gui.integrationtest.selenium1.Selenium1ElementTest" time="5.462"/>
  <testcase name="visibleOnHiddenElement" classname="org.aludratest.service.gui.integrationtest.selenium1.Selenium1ElementTest" time="6.523"/>
  <testcase name="clickOnNotEditableElementImageButton" classname="org.aludratest.service.gui.integrationtest.selenium1.Selenium1ElementTest" time="5.384"/>
  <testcase name="hasFocusOnFocusedElement" classname="org.aludratest.service.gui.integrationtest.selenium1.Selenium1ElementTest" time="5.836"/>
  <testcase name="notPresentOnNotExistingElement" classname="org.aludratest.service.gui.integrationtest.selenium1.Selenium1ElementTest" time="4.869"/>
  <testcase name="focusOnEnabledElement" classname="org.aludratest.service.gui.integrationtest.selenium1.Selenium1ElementTest" time="6.414"/>
  <testcase name="assertPresentOnPresentElement" classname="org.aludratest.service.gui.integrationtest.selenium1.Selenium1ElementTest" time="5.665"/>
  <testcase name="clickOnNotEditableElementButton" classname="org.aludratest.service.gui.integrationtest.selenium1.Selenium1ElementTest" time="5.555"/>
  <testcase name="presentAndInForeground" classname="org.aludratest.service.gui.integrationtest.selenium1.Selenium1ElementTest" time="7.787"/>
  <testcase name="isPresentOnExistingElementWithTimeout" classname="org.aludratest.service.gui.integrationtest.selenium1.Selenium1ElementTest" time="5.321"/>
  <testcase name="isNotPresentOnNotExistingElement" classname="org.aludratest.service.gui.integrationtest.selenium1.Selenium1ElementTest" time="4.994"/>
  <testcase name="isPresentOnExistingElement" classname="org.aludratest.service.gui.integrationtest.selenium1.Selenium1ElementTest" time="5.103"/>
  <testcase name="isEnabledOnDisabledElement" classname="org.aludratest.service.gui.integrationtest.selenium1.Selenium1ElementTest" time="5.759"/>
  <testcase name="isPresentOnHiddenElementInDivWithTimeout" classname="org.aludratest.service.gui.integrationtest.selenium1.Selenium1ElementTest" time="5.197"/>
  <testcase name="isPresentOnHiddenElementInDiv" classname="org.aludratest.service.gui.integrationtest.selenium1.Selenium1ElementTest" time="4.775"/>
  <testcase name="isVisibleOnHiddenElementInDiv" classname="org.aludratest.service.gui.integrationtest.selenium1.Selenium1ElementTest" time="6.663"/>
  <testcase name="doubleClickOnNotEditableElementImage" classname="org.aludratest.service.gui.integrationtest.selenium1.Selenium1ElementTest" time="5.759"/>
  <testcase name="doubleClickOnNotEditableElementLabel" classname="org.aludratest.service.gui.integrationtest.selenium1.Selenium1ElementTest" time="5.696"/>
  <testcase name="isNotPresentOnPresentElement" classname="org.aludratest.service.gui.integrationtest.selenium1.Selenium1ElementTest" time="6.991"/>
  <testcase name="visibleOnHiddenElementInDiv" classname="org.aludratest.service.gui.integrationtest.selenium1.Selenium1ElementTest" time="6.85"/>
  <testcase name="notPresentOnHiddenElementWithTimeout" classname="org.aludratest.service.gui.integrationtest.selenium1.Selenium1ElementTest" time="6.195"/>
  <testcase name="isPresentOnNotExistingElementWithTimeout" classname="org.aludratest.service.gui.integrationtest.selenium1.Selenium1ElementTest" time="5.805"/>
  <testcase name="doubleClickOnEditableElementImageButton" classname="org.aludratest.service.gui.integrationtest.selenium1.Selenium1ElementTest" time="4.526"/>
  <testcase name="notPresentOnExistingElement" classname="org.aludratest.service.gui.integrationtest.selenium1.Selenium1ElementTest" time="6.492"/>
  <testcase name="isNotEnabledOnDisabledElement" classname="org.aludratest.service.gui.integrationtest.selenium1.Selenium1ElementTest" time="5.727"/>
  <testcase name="clickOnEditableElement" classname="org.aludratest.service.gui.integrationtest.selenium1.Selenium1ElementTest" time="5.603"/>
  <testcase name="isEnabledOnEnabledElement" classname="org.aludratest.service.gui.integrationtest.selenium1.Selenium1ElementTest" time="5.696"/>
  <testcase name="notPresentOnHiddenElementInDiv" classname="org.aludratest.service.gui.integrationtest.selenium1.Selenium1ElementTest" time="6.07"/>
  <testcase name="doubleClickOnEditableElementDropDownBox" classname="org.aludratest.service.gui.integrationtest.selenium1.Selenium1ElementTest" time="4.916"/>
  <testcase name="notPresentOnHiddenElementInDivWithTimeout" classname="org.aludratest.service.gui.integrationtest.selenium1.Selenium1ElementTest" time="5.852"/>
  <testcase name="isVisibleOnVisibleElement" classname="org.aludratest.service.gui.integrationtest.selenium1.Selenium1ElementTest" time="5.041"/>
  <testcase name="clickOnNotEditableElementImage" classname="org.aludratest.service.gui.integrationtest.selenium1.Selenium1ElementTest" time="5.134"/>
  <testcase name="visibleOnHiddenElementWithTimeoutt" classname="org.aludratest.service.gui.integrationtest.selenium1.Selenium1ElementTest" time="5.774"/>
  <testcase name="notPresentOnHiddenElement" classname="org.aludratest.service.gui.integrationtest.selenium1.Selenium1ElementTest" time="6.788"/>
  <testcase name="isPresentOnHiddenElement" classname="org.aludratest.service.gui.integrationtest.selenium1.Selenium1ElementTest" time="5.166"/>
  <testcase name="notPresentOnNotExistingElementWithTimeout" classname="org.aludratest.service.gui.integrationtest.selenium1.Selenium1ElementTest" time="4.947"/>
  <testcase name="visibleOnHiddenElementInDivWithTimeout" classname="org.aludratest.service.gui.integrationtest.selenium1.Selenium1ElementTest" time="5.29"/>
  <testcase name="isNotEnabledOnEnabledElement" classname="org.aludratest.service.gui.integrationtest.selenium1.Selenium1ElementTest" time="4.994"/>
  <testcase name="hasFocusOnNotFocusedElement" classname="org.aludratest.service.gui.integrationtest.selenium1.Selenium1ElementTest" time="5.041"/>
  <testcase name="assertPresentOnNotExistingElement" classname="org.aludratest.service.gui.integrationtest.selenium1.Selenium1ElementTest" time="6.757"/>
  <testcase name="clickOnElementLabel" classname="org.aludratest.service.gui.integrationtest.selenium1.Selenium1ElementTest" time="5.462"/>
  <testcase name="visibleOnNotExistingElementWithTimeout" classname="org.aludratest.service.gui.integrationtest.selenium1.Selenium1ElementTest" time="5.727"/>
  <testcase name="isPresentOnHiddenElementWithTimeout" classname="org.aludratest.service.gui.integrationtest.selenium1.Selenium1ElementTest" time="4.355"/>
  <testcase name="focusOnDisabledElement" classname="org.aludratest.service.gui.integrationtest.selenium1.Selenium1ElementTest" time="6.866"/>
  <testcase name="doubleClickOnNotEditableElementButton" classname="org.aludratest.service.gui.integrationtest.selenium1.Selenium1ElementTest" time="5.01"/>
  <testcase name="clickOnEditableElementRadioButton" classname="org.aludratest.service.gui.integrationtest.selenium1.Selenium1ElementTest" time="5.275"/>
  <testcase name="isVisibleOnHiddenElement" classname="org.aludratest.service.gui.integrationtest.selenium1.Selenium1ElementTest" time="7.1"/>
  <testcase name="isPresentOnNotExistingElement" classname="org.aludratest.service.gui.integrationtest.selenium1.Selenium1ElementTest" time="6.819"/>
</testsuite>