<?xml version="1.0" encoding="UTF-8"?>
<testsuite name="org.aludratest.service.file.SftpFileServiceTest" time="1.202" tests="4" errors="0" skipped="0" failures="0">
  <properties>
[...]
</properties>
  <testcase name="testgetInputStream" classname="org.aludratest.service.file.SftpFileServiceTest" time="0.749"/>
  <testcase name="testWrite" classname="org.aludratest.service.file.SftpFileServiceTest" time="0.156"/>
  <testcase name="testGetRootChildren" classname="org.aludratest.service.file.SftpFileServiceTest" time="0.156"/>
  <testcase name="testGetSubfolderChildren" classname="org.aludratest.service.file.SftpFileServiceTest" time="0.141"/>
</testsuite>